Determining size of off64_t failed with the following output:
Change Dir: /Users/jaspershemilt/Developer/openCV_Dev/opencv/build/CMakeFiles/CMakeTmp

Run Build Command:/opt/local/bin/gmake "cmTryCompileExec2748499929/fast"
/opt/local/bin/gmake -f CMakeFiles/cmTryCompileExec2748499929.dir/build.make CMakeFiles/cmTryCompileExec2748499929.dir/build
gmake[1]: Entering directory `/Users/jaspershemilt/Developer/openCV_Dev/opencv/build/CMakeFiles/CMakeTmp'
/opt/local/bin/cmake -E cmake_progress_report /Users/jaspershemilt/Developer/openCV_Dev/opencv/build/CMakeFiles/CMakeTmp/CMakeFiles 1
Building C object CMakeFiles/cmTryCompileExec2748499929.dir/OFF64_T.c.o
/usr/bin/gcc    -o CMakeFiles/cmTryCompileExec2748499929.dir/OFF64_T.c.o   -c /Users/jaspershemilt/Developer/openCV_Dev/opencv/build/CMakeFiles/CheckTypeSize/OFF64_T.c
/Users/jaspershemilt/Developer/openCV_Dev/opencv/build/CMakeFiles/CheckTypeSize/OFF64_T.c:19: error: ‘off64_t’ undeclared here (not in a function)
gmake[1]: *** [CMakeFiles/cmTryCompileExec2748499929.dir/OFF64_T.c.o] Error 1
gmake[1]: Leaving directory `/Users/jaspershemilt/Developer/openCV_Dev/opencv/build/CMakeFiles/CMakeTmp'
gmake: *** [cmTryCompileExec2748499929/fast] Error 2

/Users/jaspershemilt/Developer/openCV_Dev/opencv/build/CMakeFiles/CheckTypeSize/OFF64_T.c:
#include <sys/types.h>
#include <stdint.h>
#include <stddef.h>


#undef KEY
#if defined(__i386)
# define KEY '_','_','i','3','8','6'
#elif defined(__x86_64)
# define KEY '_','_','x','8','6','_','6','4'
#elif defined(__ppc__)
# define KEY '_','_','p','p','c','_','_'
#elif defined(__ppc64__)
# define KEY '_','_','p','p','c','6','4','_','_'
#endif

#define SIZE (sizeof(off64_t))
char info_size[] =  {'I', 'N', 'F', 'O', ':', 's','i','z','e','[',
  ('0' + ((SIZE / 10000)%10)),
  ('0' + ((SIZE / 1000)%10)),
  ('0' + ((SIZE / 100)%10)),
  ('0' + ((SIZE / 10)%10)),
  ('0' +  (SIZE    % 10)),
  ']',
#ifdef KEY
  ' ','k','e','y','[', KEY, ']',
#endif
  '\0'};

#ifdef __CLASSIC_C__
int main(argc, argv) int argc; char *argv[];
#else
int main(int argc, char *argv[])
#endif
{
  int require = 0;
  require += info_size[argc];
  (void)argv;
  return require;
}


Determining if the include file io.h exists failed with the following output:
Change Dir: /Users/jaspershemilt/Developer/openCV_Dev/opencv/build/CMakeFiles/CMakeTmp

Run Build Command:/opt/local/bin/gmake "cmTryCompileExec3405770445/fast"
/opt/local/bin/gmake -f CMakeFiles/cmTryCompileExec3405770445.dir/build.make CMakeFiles/cmTryCompileExec3405770445.dir/build
gmake[1]: Entering directory `/Users/jaspershemilt/Developer/openCV_Dev/opencv/build/CMakeFiles/CMakeTmp'
/opt/local/bin/cmake -E cmake_progress_report /Users/jaspershemilt/Developer/openCV_Dev/opencv/build/CMakeFiles/CMakeTmp/CMakeFiles 1
Building C object CMakeFiles/cmTryCompileExec3405770445.dir/CheckIncludeFile.c.o
/usr/bin/gcc    -o CMakeFiles/cmTryCompileExec3405770445.dir/CheckIncludeFile.c.o   -c /Users/jaspershemilt/Developer/openCV_Dev/opencv/build/CMakeFiles/CMakeTmp/CheckIncludeFile.c
/Users/jaspershemilt/Developer/openCV_Dev/opencv/build/CMakeFiles/CMakeTmp/CheckIncludeFile.c:1:16: error: io.h: No such file or directory
gmake[1]: *** [CMakeFiles/cmTryCompileExec3405770445.dir/CheckIncludeFile.c.o] Error 1
gmake[1]: Leaving directory `/Users/jaspershemilt/Developer/openCV_Dev/opencv/build/CMakeFiles/CMakeTmp'
gmake: *** [cmTryCompileExec3405770445/fast] Error 2


Determining if the function jbg_newlen exists failed with the following output:
Change Dir: /Users/jaspershemilt/Developer/openCV_Dev/opencv/build/CMakeFiles/CMakeTmp

Run Build Command:/opt/local/bin/gmake "cmTryCompileExec2780883844/fast"
/opt/local/bin/gmake -f CMakeFiles/cmTryCompileExec2780883844.dir/build.make CMakeFiles/cmTryCompileExec2780883844.dir/build
gmake[1]: Entering directory `/Users/jaspershemilt/Developer/openCV_Dev/opencv/build/CMakeFiles/CMakeTmp'
/opt/local/bin/cmake -E cmake_progress_report /Users/jaspershemilt/Developer/openCV_Dev/opencv/build/CMakeFiles/CMakeTmp/CMakeFiles 1
Building C object CMakeFiles/cmTryCompileExec2780883844.dir/CheckFunctionExists.c.o
/usr/bin/gcc   -DCHECK_FUNCTION_EXISTS=jbg_newlen   -o CMakeFiles/cmTryCompileExec2780883844.dir/CheckFunctionExists.c.o   -c /opt/local/share/cmake-2.8/Modules/CheckFunctionExists.c
Linking C executable cmTryCompileExec2780883844
/opt/local/bin/cmake -E cmake_link_script CMakeFiles/cmTryCompileExec2780883844.dir/link.txt --verbose=1
/usr/bin/gcc       -DCHECK_FUNCTION_EXISTS=jbg_newlen -Wl,-search_paths_first -Wl,-headerpad_max_install_names   CMakeFiles/cmTryCompileExec2780883844.dir/CheckFunctionExists.c.o  -o cmTryCompileExec2780883844  
Undefined symbols for architecture x86_64:
  "_jbg_newlen", referenced from:
      _main in CheckFunctionExists.c.o
ld: symbol(s) not found for architecture x86_64
collect2: ld returned 1 exit status
gmake[1]: *** [cmTryCompileExec2780883844] Error 1
gmake[1]: Leaving directory `/Users/jaspershemilt/Developer/openCV_Dev/opencv/build/CMakeFiles/CMakeTmp'
gmake: *** [cmTryCompileExec2780883844/fast] Error 2


Determining if the include file libavformat/avformat.h exists failed with the following output:
Change Dir: /Users/jaspershemilt/Developer/openCV_Dev/opencv/build/CMakeFiles/CMakeTmp

Run Build Command:/opt/local/bin/gmake "cmTryCompileExec3653990835/fast"
/opt/local/bin/gmake -f CMakeFiles/cmTryCompileExec3653990835.dir/build.make CMakeFiles/cmTryCompileExec3653990835.dir/build
gmake[1]: Entering directory `/Users/jaspershemilt/Developer/openCV_Dev/opencv/build/CMakeFiles/CMakeTmp'
/opt/local/bin/cmake -E cmake_progress_report /Users/jaspershemilt/Developer/openCV_Dev/opencv/build/CMakeFiles/CMakeTmp/CMakeFiles 1
Building C object CMakeFiles/cmTryCompileExec3653990835.dir/CheckIncludeFile.c.o
/usr/bin/gcc    -o CMakeFiles/cmTryCompileExec3653990835.dir/CheckIncludeFile.c.o   -c /Users/jaspershemilt/Developer/openCV_Dev/opencv/build/CMakeFiles/CMakeTmp/CheckIncludeFile.c
/Users/jaspershemilt/Developer/openCV_Dev/opencv/build/CMakeFiles/CMakeTmp/CheckIncludeFile.c:1:34: error: libavformat/avformat.h: No such file or directory
gmake[1]: *** [CMakeFiles/cmTryCompileExec3653990835.dir/CheckIncludeFile.c.o] Error 1
gmake[1]: Leaving directory `/Users/jaspershemilt/Developer/openCV_Dev/opencv/build/CMakeFiles/CMakeTmp'
gmake: *** [cmTryCompileExec3653990835/fast] Error 2


Determining if the include file ffmpeg/avformat.h exists failed with the following output:
Change Dir: /Users/jaspershemilt/Developer/openCV_Dev/opencv/build/CMakeFiles/CMakeTmp

Run Build Command:/opt/local/bin/gmake "cmTryCompileExec2140348533/fast"
/opt/local/bin/gmake -f CMakeFiles/cmTryCompileExec2140348533.dir/build.make CMakeFiles/cmTryCompileExec2140348533.dir/build
gmake[1]: Entering directory `/Users/jaspershemilt/Developer/openCV_Dev/opencv/build/CMakeFiles/CMakeTmp'
/opt/local/bin/cmake -E cmake_progress_report /Users/jaspershemilt/Developer/openCV_Dev/opencv/build/CMakeFiles/CMakeTmp/CMakeFiles 1
Building C object CMakeFiles/cmTryCompileExec2140348533.dir/CheckIncludeFile.c.o
/usr/bin/gcc    -o CMakeFiles/cmTryCompileExec2140348533.dir/CheckIncludeFile.c.o   -c /Users/jaspershemilt/Developer/openCV_Dev/opencv/build/CMakeFiles/CMakeTmp/CheckIncludeFile.c
/Users/jaspershemilt/Developer/openCV_Dev/opencv/build/CMakeFiles/CMakeTmp/CheckIncludeFile.c:1:29: error: ffmpeg/avformat.h: No such file or directory
gmake[1]: *** [CMakeFiles/cmTryCompileExec2140348533.dir/CheckIncludeFile.c.o] Error 1
gmake[1]: Leaving directory `/Users/jaspershemilt/Developer/openCV_Dev/opencv/build/CMakeFiles/CMakeTmp'
gmake: *** [cmTryCompileExec2140348533/fast] Error 2


Determining if the include file libavformat/avformat.h exists failed with the following output:
Change Dir: /Users/jaspershemilt/Developer/openCV_Dev/opencv/build/CMakeFiles/CMakeTmp

Run Build Command:/opt/local/bin/gmake "cmTryCompileExec2429086142/fast"
/opt/local/bin/gmake -f CMakeFiles/cmTryCompileExec2429086142.dir/build.make CMakeFiles/cmTryCompileExec2429086142.dir/build
gmake[1]: Entering directory `/Users/jaspershemilt/Developer/openCV_Dev/opencv/build/CMakeFiles/CMakeTmp'
/opt/local/bin/cmake -E cmake_progress_report /Users/jaspershemilt/Developer/openCV_Dev/opencv/build/CMakeFiles/CMakeTmp/CMakeFiles 1
Building C object CMakeFiles/cmTryCompileExec2429086142.dir/CheckIncludeFile.c.o
/usr/bin/gcc    -o CMakeFiles/cmTryCompileExec2429086142.dir/CheckIncludeFile.c.o   -c /Users/jaspershemilt/Developer/openCV_Dev/opencv/build/CMakeFiles/CMakeTmp/CheckIncludeFile.c
/Users/jaspershemilt/Developer/openCV_Dev/opencv/build/CMakeFiles/CMakeTmp/CheckIncludeFile.c:1:34: error: libavformat/avformat.h: No such file or directory
gmake[1]: *** [CMakeFiles/cmTryCompileExec2429086142.dir/CheckIncludeFile.c.o] Error 1
gmake[1]: Leaving directory `/Users/jaspershemilt/Developer/openCV_Dev/opencv/build/CMakeFiles/CMakeTmp'
gmake: *** [cmTryCompileExec2429086142/fast] Error 2


Determining if the include file ffmpeg/avformat.h exists failed with the following output:
Change Dir: /Users/jaspershemilt/Developer/openCV_Dev/opencv/build/CMakeFiles/CMakeTmp

Run Build Command:/opt/local/bin/gmake "cmTryCompileExec1857694517/fast"
/opt/local/bin/gmake -f CMakeFiles/cmTryCompileExec1857694517.dir/build.make CMakeFiles/cmTryCompileExec1857694517.dir/build
gmake[1]: Entering directory `/Users/jaspershemilt/Developer/openCV_Dev/opencv/build/CMakeFiles/CMakeTmp'
/opt/local/bin/cmake -E cmake_progress_report /Users/jaspershemilt/Developer/openCV_Dev/opencv/build/CMakeFiles/CMakeTmp/CMakeFiles 1
Building C object CMakeFiles/cmTryCompileExec1857694517.dir/CheckIncludeFile.c.o
/usr/bin/gcc    -o CMakeFiles/cmTryCompileExec1857694517.dir/CheckIncludeFile.c.o   -c /Users/jaspershemilt/Developer/openCV_Dev/opencv/build/CMakeFiles/CMakeTmp/CheckIncludeFile.c
/Users/jaspershemilt/Developer/openCV_Dev/opencv/build/CMakeFiles/CMakeTmp/CheckIncludeFile.c:1:29: error: ffmpeg/avformat.h: No such file or directory
gmake[1]: *** [CMakeFiles/cmTryCompileExec1857694517.dir/CheckIncludeFile.c.o] Error 1
gmake[1]: Leaving directory `/Users/jaspershemilt/Developer/openCV_Dev/opencv/build/CMakeFiles/CMakeTmp'
gmake: *** [cmTryCompileExec1857694517/fast] Error 2


